-------------------------------------------------------------------------------
Test set: TestRunner.RunnerTest
-------------------------------------------------------------------------------
Tests run: 12, Failures: 4, Errors: 0, Skipped: 0, Time elapsed: 119.401 sec <<< FAILURE!
Then user submits the invalid password(Scenario: Validate Invalid Password)  Time elapsed: 0.008 sec  <<< FAILURE!
org.junit.ComparisonFailure: expected:<Yahoo[o]> but was:<Yahoo[]>
	at org.junit.Assert.assertEquals(Assert.java:115)
	at org.junit.Assert.assertEquals(Assert.java:144)
	at StepDefinitions.Steps.user_submits_the_invalid_password(Steps.java:102)
	at ?.Then user submits the invalid password(G:/SeleniumCucumberWorkSpace/Yahoo/src/main/java/FeatureFile/Login.feature:9)

Scenario: Validate Invalid Password  Time elapsed: 0.012 sec  <<< FAILURE!
org.junit.ComparisonFailure: expected:<Yahoo[o]> but was:<Yahoo[]>
	at org.junit.Assert.assertEquals(Assert.java:115)
	at org.junit.Assert.assertEquals(Assert.java:144)
	at StepDefinitions.Steps.user_submits_the_invalid_password(Steps.java:102)
	at ?.Then user submits the invalid password(G:/SeleniumCucumberWorkSpace/Yahoo/src/main/java/FeatureFile/Login.feature:9)

Then user lands on Home page(Scenario: Validate Title)  Time elapsed: 0 sec  <<< FAILURE!
org.junit.ComparisonFailure: expected:<Testing Controls[ ]> but was:<Testing Controls[]>
	at org.junit.Assert.assertEquals(Assert.java:115)
	at org.junit.Assert.assertEquals(Assert.java:144)
	at StepDefinitions.Steps.user_lands_on_Home_page(Steps.java:131)
	at ?.Then user lands on Home page(G:/SeleniumCucumberWorkSpace/Yahoo/src/main/java/FeatureFile/Login.feature:17)

Scenario: Validate Title  Time elapsed: 0 sec  <<< FAILURE!
org.junit.ComparisonFailure: expected:<Testing Controls[ ]> but was:<Testing Controls[]>
	at org.junit.Assert.assertEquals(Assert.java:115)
	at org.junit.Assert.assertEquals(Assert.java:144)
	at StepDefinitions.Steps.user_lands_on_Home_page(Steps.java:131)
	at ?.Then user lands on Home page(G:/SeleniumCucumberWorkSpace/Yahoo/src/main/java/FeatureFile/Login.feature:17)

